<?xml version="1.0" encoding="UTF-8"?>
<!-- Generated by org.testng.reporters.JUnitXMLReporter -->
<testsuite hostname="Dhruv-Laptop" ignored="0" name="Test" tests="7" failures="1" timestamp="05 Jul 2020 15:59:00 GMT" time="3.144" errors="0">
  <testcase name="TC1" time="2.74" classname="org.testing.TestCases.PostRequestHit"/>
  <testcase name="TC2" time="0.056" classname="org.testing.TestCases.GetRequestHit"/>
  <testcase name="TC3" time="0.141" classname="org.testing.TestCases.GetRequestAllData">
    <failure type="org.json.JSONException" message="JSONArray[70] not found.">
      <![CDATA[org.json.JSONException: JSONArray[70] not found.
	at org.json.JSONArray.get(JSONArray.java:225)
	at org.json.JSONArray.getJSONObject(JSONArray.java:416)
	at org.testing.utilities.ParsingJsonUsingOrgJson.extractjsonTC3(ParsingJsonUsingOrgJson.java:23)
	at org.testing.TestCases.GetRequestAllData.TC3(GetRequestAllData.java:33)
... Removed 25 stack frames]]>
    </failure>
  </testcase> <!-- TC3 -->
  <testcase name="TC4" time="0.09" classname="org.testing.TestCases.PutRequestHit"/>
  <testcase name="TC6" time="0.02" classname="org.testing.TestCases.TestCase6"/>
  <testcase name="TC7" time="0.006" classname="org.testing.TestCases.TestCase7"/>
  <testcase name="TC8" time="0.011" classname="org.testing.TestCases.TestCase8"/>
</testsuite> <!-- Test -->
